Performing C SOURCE FILE Test CMAKE_HAVE_LIBC_PTHREAD failed with the following output:
Change Dir: /home/ioanna/Desktop/reportsGraphics/SolarSystem/build/CMakeFiles/CMakeTmp

Run Build Command(s):/usr/bin/make -f Makefile cmTC_d2660/fast && /usr/bin/make  -f CMakeFiles/cmTC_d2660.dir/build.make CMakeFiles/cmTC_d2660.dir/build
make[1]: Entering directory '/home/ioanna/Desktop/reportsGraphics/SolarSystem/build/CMakeFiles/CMakeTmp'
Building C object CMakeFiles/cmTC_d2660.dir/src.c.o
/usr/bin/cc -DCMAKE_HAVE_LIBC_PTHREAD   -o CMakeFiles/cmTC_d2660.dir/src.c.o -c /home/ioanna/Desktop/reportsGraphics/SolarSystem/build/CMakeFiles/CMakeTmp/src.c
Linking C executable cmTC_d2660
/usr/bin/cmake -E cmake_link_script CMakeFiles/cmTC_d2660.dir/link.txt --verbose=1
/usr/bin/cc -rdynamic CMakeFiles/cmTC_d2660.dir/src.c.o -o cmTC_d2660 
/usr/bin/ld: CMakeFiles/cmTC_d2660.dir/src.c.o: in function `main':
src.c:(.text+0x3e): undefined reference to `pthread_create'
/usr/bin/ld: src.c:(.text+0x4a): undefined reference to `pthread_detach'
/usr/bin/ld: src.c:(.text+0x56): undefined reference to `pthread_cancel'
/usr/bin/ld: src.c:(.text+0x67): undefined reference to `pthread_join'
collect2: error: ld returned 1 exit status
make[1]: *** [CMakeFiles/cmTC_d2660.dir/build.make:99: cmTC_d2660] Error 1
make[1]: Leaving directory '/home/ioanna/Desktop/reportsGraphics/SolarSystem/build/CMakeFiles/CMakeTmp'
make: *** [Makefile:127: cmTC_d2660/fast] Error 2


Source file was:
#include <pthread.h>

static void* test_func(void* data)
{
  return data;
}

int main(void)
{
  pthread_t thread;
  pthread_create(&thread, NULL, test_func, NULL);
  pthread_detach(thread);
  pthread_cancel(thread);
  pthread_join(thread, NULL);
  pthread_atfork(NULL, NULL, NULL);
  pthread_exit(NULL);

  return 0;
}

Determining if the function pthread_create exists in the pthreads failed with the following output:
Change Dir: /home/ioanna/Desktop/reportsGraphics/SolarSystem/build/CMakeFiles/CMakeTmp

Run Build Command(s):/usr/bin/make -f Makefile cmTC_51d9b/fast && /usr/bin/make  -f CMakeFiles/cmTC_51d9b.dir/build.make CMakeFiles/cmTC_51d9b.dir/build
make[1]: Entering directory '/home/ioanna/Desktop/reportsGraphics/SolarSystem/build/CMakeFiles/CMakeTmp'
Building C object CMakeFiles/cmTC_51d9b.dir/CheckFunctionExists.c.o
/usr/bin/cc   -DCHECK_FUNCTION_EXISTS=pthread_create -o CMakeFiles/cmTC_51d9b.dir/CheckFunctionExists.c.o -c /usr/share/cmake-3.21/Modules/CheckFunctionExists.c
Linking C executable cmTC_51d9b
/usr/bin/cmake -E cmake_link_script CMakeFiles/cmTC_51d9b.dir/link.txt --verbose=1
/usr/bin/cc  -DCHECK_FUNCTION_EXISTS=pthread_create -rdynamic CMakeFiles/cmTC_51d9b.dir/CheckFunctionExists.c.o -o cmTC_51d9b  -lpthreads 
/usr/bin/ld: cannot find -lpthreads
collect2: error: ld returned 1 exit status
make[1]: *** [CMakeFiles/cmTC_51d9b.dir/build.make:99: cmTC_51d9b] Error 1
make[1]: Leaving directory '/home/ioanna/Desktop/reportsGraphics/SolarSystem/build/CMakeFiles/CMakeTmp'
make: *** [Makefile:127: cmTC_51d9b/fast] Error 2



